CRITICAL - 2023-09-18 13:36:12 --> Class "APP\Models\ProductModel" not found
in APPPATH\Controllers\ProductController.php on line 12.
 1 SYSTEMPATH\CodeIgniter.php(919): App\Controllers\ProductController->index()
 2 SYSTEMPATH\CodeIgniter.php(494): CodeIgniter\CodeIgniter->runController(Object(App\Controllers\ProductController))
 3 SYSTEMPATH\CodeIgniter.php(353): CodeIgniter\CodeIgniter->handleRequest(null, Object(Config\Cache), false)
 4 FCPATH\index.php(79): CodeIgniter\CodeIgniter->run()
 5 SYSTEMPATH\Commands\Server\rewrite.php(47): require_once('C:\\laragon\\www\\3F3\\public\\index.php')
CRITICAL - 2023-09-18 13:38:01 --> Class "APP\Models\ProductModel" not found
in APPPATH\Controllers\ProductController.php on line 12.
 1 SYSTEMPATH\CodeIgniter.php(919): App\Controllers\ProductController->index()
 2 SYSTEMPATH\CodeIgniter.php(494): CodeIgniter\CodeIgniter->runController(Object(App\Controllers\ProductController))
 3 SYSTEMPATH\CodeIgniter.php(353): CodeIgniter\CodeIgniter->handleRequest(null, Object(Config\Cache), false)
 4 FCPATH\index.php(79): CodeIgniter\CodeIgniter->run()
 5 SYSTEMPATH\Commands\Server\rewrite.php(47): require_once('C:\\laragon\\www\\3F3\\public\\index.php')
CRITICAL - 2023-09-18 13:38:02 --> Class "APP\Models\ProductModel" not found
in APPPATH\Controllers\ProductController.php on line 12.
 1 SYSTEMPATH\CodeIgniter.php(919): App\Controllers\ProductController->index()
 2 SYSTEMPATH\CodeIgniter.php(494): CodeIgniter\CodeIgniter->runController(Object(App\Controllers\ProductController))
 3 SYSTEMPATH\CodeIgniter.php(353): CodeIgniter\CodeIgniter->handleRequest(null, Object(Config\Cache), false)
 4 FCPATH\index.php(79): CodeIgniter\CodeIgniter->run()
 5 SYSTEMPATH\Commands\Server\rewrite.php(47): require_once('C:\\laragon\\www\\3F3\\public\\index.php')
CRITICAL - 2023-09-18 13:38:32 --> Class "APP\Models\ProductModel" not found
in APPPATH\Controllers\ProductController.php on line 12.
 1 SYSTEMPATH\CodeIgniter.php(919): App\Controllers\ProductController->index()
 2 SYSTEMPATH\CodeIgniter.php(494): CodeIgniter\CodeIgniter->runController(Object(App\Controllers\ProductController))
 3 SYSTEMPATH\CodeIgniter.php(353): CodeIgniter\CodeIgniter->handleRequest(null, Object(Config\Cache), false)
 4 FCPATH\index.php(79): CodeIgniter\CodeIgniter->run()
 5 SYSTEMPATH\Commands\Server\rewrite.php(47): require_once('C:\\laragon\\www\\3F3\\public\\index.php')
CRITICAL - 2023-09-18 13:39:29 --> Class "APP\Models\ProductModel" not found
in APPPATH\Controllers\ProductController.php on line 12.
 1 SYSTEMPATH\CodeIgniter.php(919): App\Controllers\ProductController->index()
 2 SYSTEMPATH\CodeIgniter.php(494): CodeIgniter\CodeIgniter->runController(Object(App\Controllers\ProductController))
 3 SYSTEMPATH\CodeIgniter.php(353): CodeIgniter\CodeIgniter->handleRequest(null, Object(Config\Cache), false)
 4 FCPATH\index.php(79): CodeIgniter\CodeIgniter->run()
 5 SYSTEMPATH\Commands\Server\rewrite.php(47): require_once('C:\\laragon\\www\\3F3\\public\\index.php')
CRITICAL - 2023-09-18 13:41:59 --> Class "APP\Models\ProductModel" not found
in APPPATH\Controllers\ProductController.php on line 12.
 1 SYSTEMPATH\CodeIgniter.php(919): App\Controllers\ProductController->index()
 2 SYSTEMPATH\CodeIgniter.php(494): CodeIgniter\CodeIgniter->runController(Object(App\Controllers\ProductController))
 3 SYSTEMPATH\CodeIgniter.php(353): CodeIgniter\CodeIgniter->handleRequest(null, Object(Config\Cache), false)
 4 FCPATH\index.php(79): CodeIgniter\CodeIgniter->run()
 5 SYSTEMPATH\Commands\Server\rewrite.php(47): require_once('C:\\laragon\\www\\3F3\\public\\index.php')
CRITICAL - 2023-09-18 13:42:09 --> Class "APP\Models\ProductModel" not found
in APPPATH\Controllers\ProductController.php on line 12.
 1 SYSTEMPATH\CodeIgniter.php(919): App\Controllers\ProductController->index()
 2 SYSTEMPATH\CodeIgniter.php(494): CodeIgniter\CodeIgniter->runController(Object(App\Controllers\ProductController))
 3 SYSTEMPATH\CodeIgniter.php(353): CodeIgniter\CodeIgniter->handleRequest(null, Object(Config\Cache), false)
 4 FCPATH\index.php(79): CodeIgniter\CodeIgniter->run()
 5 SYSTEMPATH\Commands\Server\rewrite.php(47): require_once('C:\\laragon\\www\\3F3\\public\\index.php')
CRITICAL - 2023-09-18 13:42:50 --> Class "APP\Models\ProductModel" not found
in APPPATH\Controllers\ProductController.php on line 12.
 1 SYSTEMPATH\CodeIgniter.php(919): App\Controllers\ProductController->index()
 2 SYSTEMPATH\CodeIgniter.php(494): CodeIgniter\CodeIgniter->runController(Object(App\Controllers\ProductController))
 3 SYSTEMPATH\CodeIgniter.php(353): CodeIgniter\CodeIgniter->handleRequest(null, Object(Config\Cache), false)
 4 FCPATH\index.php(79): CodeIgniter\CodeIgniter->run()
 5 SYSTEMPATH\Commands\Server\rewrite.php(47): require_once('C:\\laragon\\www\\3F3\\public\\index.php')
CRITICAL - 2023-09-18 13:42:51 --> Class "APP\Models\ProductModel" not found
in APPPATH\Controllers\ProductController.php on line 12.
 1 SYSTEMPATH\CodeIgniter.php(919): App\Controllers\ProductController->index()
 2 SYSTEMPATH\CodeIgniter.php(494): CodeIgniter\CodeIgniter->runController(Object(App\Controllers\ProductController))
 3 SYSTEMPATH\CodeIgniter.php(353): CodeIgniter\CodeIgniter->handleRequest(null, Object(Config\Cache), false)
 4 FCPATH\index.php(79): CodeIgniter\CodeIgniter->run()
 5 SYSTEMPATH\Commands\Server\rewrite.php(47): require_once('C:\\laragon\\www\\3F3\\public\\index.php')
CRITICAL - 2023-09-18 13:42:52 --> Class "APP\Models\ProductModel" not found
in APPPATH\Controllers\ProductController.php on line 12.
 1 SYSTEMPATH\CodeIgniter.php(919): App\Controllers\ProductController->index()
 2 SYSTEMPATH\CodeIgniter.php(494): CodeIgniter\CodeIgniter->runController(Object(App\Controllers\ProductController))
 3 SYSTEMPATH\CodeIgniter.php(353): CodeIgniter\CodeIgniter->handleRequest(null, Object(Config\Cache), false)
 4 FCPATH\index.php(79): CodeIgniter\CodeIgniter->run()
 5 SYSTEMPATH\Commands\Server\rewrite.php(47): require_once('C:\\laragon\\www\\3F3\\public\\index.php')
CRITICAL - 2023-09-18 13:42:52 --> Class "APP\Models\ProductModel" not found
in APPPATH\Controllers\ProductController.php on line 12.
 1 SYSTEMPATH\CodeIgniter.php(919): App\Controllers\ProductController->index()
 2 SYSTEMPATH\CodeIgniter.php(494): CodeIgniter\CodeIgniter->runController(Object(App\Controllers\ProductController))
 3 SYSTEMPATH\CodeIgniter.php(353): CodeIgniter\CodeIgniter->handleRequest(null, Object(Config\Cache), false)
 4 FCPATH\index.php(79): CodeIgniter\CodeIgniter->run()
 5 SYSTEMPATH\Commands\Server\rewrite.php(47): require_once('C:\\laragon\\www\\3F3\\public\\index.php')
CRITICAL - 2023-09-18 13:42:52 --> Class "APP\Models\ProductModel" not found
in APPPATH\Controllers\ProductController.php on line 12.
 1 SYSTEMPATH\CodeIgniter.php(919): App\Controllers\ProductController->index()
 2 SYSTEMPATH\CodeIgniter.php(494): CodeIgniter\CodeIgniter->runController(Object(App\Controllers\ProductController))
 3 SYSTEMPATH\CodeIgniter.php(353): CodeIgniter\CodeIgniter->handleRequest(null, Object(Config\Cache), false)
 4 FCPATH\index.php(79): CodeIgniter\CodeIgniter->run()
 5 SYSTEMPATH\Commands\Server\rewrite.php(47): require_once('C:\\laragon\\www\\3F3\\public\\index.php')
CRITICAL - 2023-09-18 13:46:09 --> Class "APP\Models\ProductModel" not found
in APPPATH\Controllers\ProductController.php on line 12.
 1 SYSTEMPATH\CodeIgniter.php(919): App\Controllers\ProductController->index()
 2 SYSTEMPATH\CodeIgniter.php(494): CodeIgniter\CodeIgniter->runController(Object(App\Controllers\ProductController))
 3 SYSTEMPATH\CodeIgniter.php(353): CodeIgniter\CodeIgniter->handleRequest(null, Object(Config\Cache), false)
 4 FCPATH\index.php(79): CodeIgniter\CodeIgniter->run()
 5 SYSTEMPATH\Commands\Server\rewrite.php(47): require_once('C:\\laragon\\www\\3F3\\public\\index.php')
CRITICAL - 2023-09-18 13:46:38 --> Class "APP\Models\ProductModel" not found
in APPPATH\Controllers\ProductController.php on line 12.
 1 SYSTEMPATH\CodeIgniter.php(919): App\Controllers\ProductController->index()
 2 SYSTEMPATH\CodeIgniter.php(494): CodeIgniter\CodeIgniter->runController(Object(App\Controllers\ProductController))
 3 SYSTEMPATH\CodeIgniter.php(353): CodeIgniter\CodeIgniter->handleRequest(null, Object(Config\Cache), false)
 4 FCPATH\index.php(79): CodeIgniter\CodeIgniter->run()
 5 SYSTEMPATH\Commands\Server\rewrite.php(47): require_once('C:\\laragon\\www\\3F3\\public\\index.php')
CRITICAL - 2023-09-18 13:48:29 --> Class "APP\Models\ProductModel" not found
in APPPATH\Controllers\ProductController.php on line 11.
 1 SYSTEMPATH\CodeIgniter.php(919): App\Controllers\ProductController->index()
 2 SYSTEMPATH\CodeIgniter.php(494): CodeIgniter\CodeIgniter->runController(Object(App\Controllers\ProductController))
 3 SYSTEMPATH\CodeIgniter.php(353): CodeIgniter\CodeIgniter->handleRequest(null, Object(Config\Cache), false)
 4 FCPATH\index.php(79): CodeIgniter\CodeIgniter->run()
 5 SYSTEMPATH\Commands\Server\rewrite.php(47): require_once('C:\\laragon\\www\\3F3\\public\\index.php')
CRITICAL - 2023-09-18 13:48:30 --> Class "APP\Models\ProductModel" not found
in APPPATH\Controllers\ProductController.php on line 11.
 1 SYSTEMPATH\CodeIgniter.php(919): App\Controllers\ProductController->index()
 2 SYSTEMPATH\CodeIgniter.php(494): CodeIgniter\CodeIgniter->runController(Object(App\Controllers\ProductController))
 3 SYSTEMPATH\CodeIgniter.php(353): CodeIgniter\CodeIgniter->handleRequest(null, Object(Config\Cache), false)
 4 FCPATH\index.php(79): CodeIgniter\CodeIgniter->run()
 5 SYSTEMPATH\Commands\Server\rewrite.php(47): require_once('C:\\laragon\\www\\3F3\\public\\index.php')
CRITICAL - 2023-09-18 13:49:06 --> Class "APP\Models\ProductModel" not found
in APPPATH\Controllers\ProductController.php on line 11.
 1 SYSTEMPATH\CodeIgniter.php(919): App\Controllers\ProductController->index()
 2 SYSTEMPATH\CodeIgniter.php(494): CodeIgniter\CodeIgniter->runController(Object(App\Controllers\ProductController))
 3 SYSTEMPATH\CodeIgniter.php(353): CodeIgniter\CodeIgniter->handleRequest(null, Object(Config\Cache), false)
 4 FCPATH\index.php(79): CodeIgniter\CodeIgniter->run()
 5 SYSTEMPATH\Commands\Server\rewrite.php(47): require_once('C:\\laragon\\www\\3F3\\public\\index.php')
CRITICAL - 2023-09-18 13:51:05 --> Undefined variable $product
in APPPATH\Views\product\index.php on line 16.
 1 APPPATH\Views\product\index.php(16): CodeIgniter\Debug\Exceptions->errorHandler(2, 'Undefined variable $product', 'C:\\laragon\\www\\3F3\\app\\Views\\product\\index.php', 16)
 2 SYSTEMPATH\View\View.php(226): include('C:\\laragon\\www\\3F3\\app\\Views\\product\\index.php')
 3 SYSTEMPATH\View\View.php(229): CodeIgniter\View\View->CodeIgniter\View\{closure}()
 4 SYSTEMPATH\Common.php(1188): CodeIgniter\View\View->render('product/index', [], true)
 5 APPPATH\Controllers\ProductController.php(14): view('product/index', [...])
 6 SYSTEMPATH\CodeIgniter.php(919): App\Controllers\ProductController->index()
 7 SYSTEMPATH\CodeIgniter.php(494): CodeIgniter\CodeIgniter->runController(Object(App\Controllers\ProductController))
 8 SYSTEMPATH\CodeIgniter.php(353): CodeIgniter\CodeIgniter->handleRequest(null, Object(Config\Cache), false)
 9 FCPATH\index.php(79): CodeIgniter\CodeIgniter->run()
10 SYSTEMPATH\Commands\Server\rewrite.php(47): require_once('C:\\laragon\\www\\3F3\\public\\index.php')
CRITICAL - 2023-09-18 13:53:36 --> Undefined variable $product
in APPPATH\Views\product\index.php on line 16.
 1 APPPATH\Views\product\index.php(16): CodeIgniter\Debug\Exceptions->errorHandler(2, 'Undefined variable $product', 'C:\\laragon\\www\\3F3\\app\\Views\\product\\index.php', 16)
 2 SYSTEMPATH\View\View.php(226): include('C:\\laragon\\www\\3F3\\app\\Views\\product\\index.php')
 3 SYSTEMPATH\View\View.php(229): CodeIgniter\View\View->CodeIgniter\View\{closure}()
 4 SYSTEMPATH\Common.php(1188): CodeIgniter\View\View->render('product/index', [], true)
 5 APPPATH\Controllers\ProductController.php(14): view('product/index', [...])
 6 SYSTEMPATH\CodeIgniter.php(919): App\Controllers\ProductController->index()
 7 SYSTEMPATH\CodeIgniter.php(494): CodeIgniter\CodeIgniter->runController(Object(App\Controllers\ProductController))
 8 SYSTEMPATH\CodeIgniter.php(353): CodeIgniter\CodeIgniter->handleRequest(null, Object(Config\Cache), false)
 9 FCPATH\index.php(79): CodeIgniter\CodeIgniter->run()
10 SYSTEMPATH\Commands\Server\rewrite.php(47): require_once('C:\\laragon\\www\\3F3\\public\\index.php')
CRITICAL - 2023-09-18 13:53:47 --> Undefined variable $products
in APPPATH\Views\product\index.php on line 16.
 1 APPPATH\Views\product\index.php(16): CodeIgniter\Debug\Exceptions->errorHandler(2, 'Undefined variable $products', 'C:\\laragon\\www\\3F3\\app\\Views\\product\\index.php', 16)
 2 SYSTEMPATH\View\View.php(226): include('C:\\laragon\\www\\3F3\\app\\Views\\product\\index.php')
 3 SYSTEMPATH\View\View.php(229): CodeIgniter\View\View->CodeIgniter\View\{closure}()
 4 SYSTEMPATH\Common.php(1188): CodeIgniter\View\View->render('product/index', [], true)
 5 APPPATH\Controllers\ProductController.php(14): view('product/index', [...])
 6 SYSTEMPATH\CodeIgniter.php(919): App\Controllers\ProductController->index()
 7 SYSTEMPATH\CodeIgniter.php(494): CodeIgniter\CodeIgniter->runController(Object(App\Controllers\ProductController))
 8 SYSTEMPATH\CodeIgniter.php(353): CodeIgniter\CodeIgniter->handleRequest(null, Object(Config\Cache), false)
 9 FCPATH\index.php(79): CodeIgniter\CodeIgniter->run()
10 SYSTEMPATH\Commands\Server\rewrite.php(47): require_once('C:\\laragon\\www\\3F3\\public\\index.php')
CRITICAL - 2023-09-18 13:56:05 --> Undefined array key "id"
in APPPATH\Views\product\edit.php on line 12.
 1 APPPATH\Views\product\edit.php(12): CodeIgniter\Debug\Exceptions->errorHandler(2, 'Undefined array key "id"', 'C:\\laragon\\www\\3F3\\app\\Views\\product\\edit.php', 12)
 2 SYSTEMPATH\View\View.php(226): include('C:\\laragon\\www\\3F3\\app\\Views\\product\\edit.php')
 3 SYSTEMPATH\View\View.php(229): CodeIgniter\View\View->CodeIgniter\View\{closure}()
 4 SYSTEMPATH\Common.php(1188): CodeIgniter\View\View->render('product/edit', [], true)
 5 APPPATH\Controllers\ProductController.php(44): view('product/edit', [...])
 6 SYSTEMPATH\CodeIgniter.php(919): App\Controllers\ProductController->edit('73')
 7 SYSTEMPATH\CodeIgniter.php(494): CodeIgniter\CodeIgniter->runController(Object(App\Controllers\ProductController))
 8 SYSTEMPATH\CodeIgniter.php(353): CodeIgniter\CodeIgniter->handleRequest(null, Object(Config\Cache), false)
 9 FCPATH\index.php(79): CodeIgniter\CodeIgniter->run()
10 SYSTEMPATH\Commands\Server\rewrite.php(47): require_once('C:\\laragon\\www\\3F3\\public\\index.php')
CRITICAL - 2023-09-18 14:11:17 --> Undefined array key "id"
in APPPATH\Views\product\edit.php on line 36.
 1 APPPATH\Views\product\edit.php(36): CodeIgniter\Debug\Exceptions->errorHandler(2, 'Undefined array key "id"', 'C:\\laragon\\www\\3F3\\app\\Views\\product\\edit.php', 36)
 2 SYSTEMPATH\View\View.php(226): include('C:\\laragon\\www\\3F3\\app\\Views\\product\\edit.php')
 3 SYSTEMPATH\View\View.php(229): CodeIgniter\View\View->CodeIgniter\View\{closure}()
 4 SYSTEMPATH\Common.php(1188): CodeIgniter\View\View->render('product/edit', [], true)
 5 APPPATH\Controllers\ProductController.php(44): view('product/edit', [...])
 6 SYSTEMPATH\CodeIgniter.php(919): App\Controllers\ProductController->edit('73')
 7 SYSTEMPATH\CodeIgniter.php(494): CodeIgniter\CodeIgniter->runController(Object(App\Controllers\ProductController))
 8 SYSTEMPATH\CodeIgniter.php(353): CodeIgniter\CodeIgniter->handleRequest(null, Object(Config\Cache), false)
 9 FCPATH\index.php(79): CodeIgniter\CodeIgniter->run()
10 SYSTEMPATH\Commands\Server\rewrite.php(47): require_once('C:\\laragon\\www\\3F3\\public\\index.php')
CRITICAL - 2023-09-18 14:11:57 --> Undefined array key "id"
in APPPATH\Views\product\edit.php on line 36.
 1 APPPATH\Views\product\edit.php(36): CodeIgniter\Debug\Exceptions->errorHandler(2, 'Undefined array key "id"', 'C:\\laragon\\www\\3F3\\app\\Views\\product\\edit.php', 36)
 2 SYSTEMPATH\View\View.php(226): include('C:\\laragon\\www\\3F3\\app\\Views\\product\\edit.php')
 3 SYSTEMPATH\View\View.php(229): CodeIgniter\View\View->CodeIgniter\View\{closure}()
 4 SYSTEMPATH\Common.php(1188): CodeIgniter\View\View->render('product/edit', [], true)
 5 APPPATH\Controllers\ProductController.php(44): view('product/edit', [...])
 6 SYSTEMPATH\CodeIgniter.php(919): App\Controllers\ProductController->edit('73')
 7 SYSTEMPATH\CodeIgniter.php(494): CodeIgniter\CodeIgniter->runController(Object(App\Controllers\ProductController))
 8 SYSTEMPATH\CodeIgniter.php(353): CodeIgniter\CodeIgniter->handleRequest(null, Object(Config\Cache), false)
 9 FCPATH\index.php(79): CodeIgniter\CodeIgniter->run()
10 SYSTEMPATH\Commands\Server\rewrite.php(47): require_once('C:\\laragon\\www\\3F3\\public\\index.php')
CRITICAL - 2023-09-18 14:15:45 --> Undefined array key "id"
in APPPATH\Views\product\edit.php on line 12.
 1 APPPATH\Views\product\edit.php(12): CodeIgniter\Debug\Exceptions->errorHandler(2, 'Undefined array key "id"', 'C:\\laragon\\www\\3F3\\app\\Views\\product\\edit.php', 12)
 2 SYSTEMPATH\View\View.php(226): include('C:\\laragon\\www\\3F3\\app\\Views\\product\\edit.php')
 3 SYSTEMPATH\View\View.php(229): CodeIgniter\View\View->CodeIgniter\View\{closure}()
 4 SYSTEMPATH\Common.php(1188): CodeIgniter\View\View->render('product/edit', [], true)
 5 APPPATH\Controllers\ProductController.php(44): view('product/edit', [...])
 6 SYSTEMPATH\CodeIgniter.php(919): App\Controllers\ProductController->edit('73')
 7 SYSTEMPATH\CodeIgniter.php(494): CodeIgniter\CodeIgniter->runController(Object(App\Controllers\ProductController))
 8 SYSTEMPATH\CodeIgniter.php(353): CodeIgniter\CodeIgniter->handleRequest(null, Object(Config\Cache), false)
 9 FCPATH\index.php(79): CodeIgniter\CodeIgniter->run()
10 SYSTEMPATH\Commands\Server\rewrite.php(47): require_once('C:\\laragon\\www\\3F3\\public\\index.php')
CRITICAL - 2023-09-18 14:17:49 --> Undefined array key "id"
in APPPATH\Views\product\edit.php on line 12.
 1 APPPATH\Views\product\edit.php(12): CodeIgniter\Debug\Exceptions->errorHandler(2, 'Undefined array key "id"', 'C:\\laragon\\www\\3F3\\app\\Views\\product\\edit.php', 12)
 2 SYSTEMPATH\View\View.php(226): include('C:\\laragon\\www\\3F3\\app\\Views\\product\\edit.php')
 3 SYSTEMPATH\View\View.php(229): CodeIgniter\View\View->CodeIgniter\View\{closure}()
 4 SYSTEMPATH\Common.php(1188): CodeIgniter\View\View->render('product/edit', [], true)
 5 APPPATH\Controllers\ProductController.php(44): view('product/edit', [...])
 6 SYSTEMPATH\CodeIgniter.php(919): App\Controllers\ProductController->edit('73')
 7 SYSTEMPATH\CodeIgniter.php(494): CodeIgniter\CodeIgniter->runController(Object(App\Controllers\ProductController))
 8 SYSTEMPATH\CodeIgniter.php(353): CodeIgniter\CodeIgniter->handleRequest(null, Object(Config\Cache), false)
 9 FCPATH\index.php(79): CodeIgniter\CodeIgniter->run()
10 SYSTEMPATH\Commands\Server\rewrite.php(47): require_once('C:\\laragon\\www\\3F3\\public\\index.php')
CRITICAL - 2023-09-18 14:18:49 --> Undefined array key "id"
in APPPATH\Views\product\edit.php on line 12.
 1 APPPATH\Views\product\edit.php(12): CodeIgniter\Debug\Exceptions->errorHandler(2, 'Undefined array key "id"', 'C:\\laragon\\www\\3F3\\app\\Views\\product\\edit.php', 12)
 2 SYSTEMPATH\View\View.php(226): include('C:\\laragon\\www\\3F3\\app\\Views\\product\\edit.php')
 3 SYSTEMPATH\View\View.php(229): CodeIgniter\View\View->CodeIgniter\View\{closure}()
 4 SYSTEMPATH\Common.php(1188): CodeIgniter\View\View->render('product/edit', [], true)
 5 APPPATH\Controllers\ProductController.php(44): view('product/edit', [...])
 6 SYSTEMPATH\CodeIgniter.php(919): App\Controllers\ProductController->edit('73')
 7 SYSTEMPATH\CodeIgniter.php(494): CodeIgniter\CodeIgniter->runController(Object(App\Controllers\ProductController))
 8 SYSTEMPATH\CodeIgniter.php(353): CodeIgniter\CodeIgniter->handleRequest(null, Object(Config\Cache), false)
 9 FCPATH\index.php(79): CodeIgniter\CodeIgniter->run()
10 SYSTEMPATH\Commands\Server\rewrite.php(47): require_once('C:\\laragon\\www\\3F3\\public\\index.php')
CRITICAL - 2023-09-18 14:18:52 --> Undefined array key "id"
in APPPATH\Views\product\edit.php on line 12.
 1 APPPATH\Views\product\edit.php(12): CodeIgniter\Debug\Exceptions->errorHandler(2, 'Undefined array key "id"', 'C:\\laragon\\www\\3F3\\app\\Views\\product\\edit.php', 12)
 2 SYSTEMPATH\View\View.php(226): include('C:\\laragon\\www\\3F3\\app\\Views\\product\\edit.php')
 3 SYSTEMPATH\View\View.php(229): CodeIgniter\View\View->CodeIgniter\View\{closure}()
 4 SYSTEMPATH\Common.php(1188): CodeIgniter\View\View->render('product/edit', [], true)
 5 APPPATH\Controllers\ProductController.php(44): view('product/edit', [...])
 6 SYSTEMPATH\CodeIgniter.php(919): App\Controllers\ProductController->edit('74')
 7 SYSTEMPATH\CodeIgniter.php(494): CodeIgniter\CodeIgniter->runController(Object(App\Controllers\ProductController))
 8 SYSTEMPATH\CodeIgniter.php(353): CodeIgniter\CodeIgniter->handleRequest(null, Object(Config\Cache), false)
 9 FCPATH\index.php(79): CodeIgniter\CodeIgniter->run()
10 SYSTEMPATH\Commands\Server\rewrite.php(47): require_once('C:\\laragon\\www\\3F3\\public\\index.php')
CRITICAL - 2023-09-18 14:18:54 --> Undefined array key "id"
in APPPATH\Views\product\edit.php on line 12.
 1 APPPATH\Views\product\edit.php(12): CodeIgniter\Debug\Exceptions->errorHandler(2, 'Undefined array key "id"', 'C:\\laragon\\www\\3F3\\app\\Views\\product\\edit.php', 12)
 2 SYSTEMPATH\View\View.php(226): include('C:\\laragon\\www\\3F3\\app\\Views\\product\\edit.php')
 3 SYSTEMPATH\View\View.php(229): CodeIgniter\View\View->CodeIgniter\View\{closure}()
 4 SYSTEMPATH\Common.php(1188): CodeIgniter\View\View->render('product/edit', [], true)
 5 APPPATH\Controllers\ProductController.php(44): view('product/edit', [...])
 6 SYSTEMPATH\CodeIgniter.php(919): App\Controllers\ProductController->edit('75')
 7 SYSTEMPATH\CodeIgniter.php(494): CodeIgniter\CodeIgniter->runController(Object(App\Controllers\ProductController))
 8 SYSTEMPATH\CodeIgniter.php(353): CodeIgniter\CodeIgniter->handleRequest(null, Object(Config\Cache), false)
 9 FCPATH\index.php(79): CodeIgniter\CodeIgniter->run()
10 SYSTEMPATH\Commands\Server\rewrite.php(47): require_once('C:\\laragon\\www\\3F3\\public\\index.php')
CRITICAL - 2023-09-18 14:18:58 --> Undefined array key "id"
in APPPATH\Views\product\edit.php on line 12.
 1 APPPATH\Views\product\edit.php(12): CodeIgniter\Debug\Exceptions->errorHandler(2, 'Undefined array key "id"', 'C:\\laragon\\www\\3F3\\app\\Views\\product\\edit.php', 12)
 2 SYSTEMPATH\View\View.php(226): include('C:\\laragon\\www\\3F3\\app\\Views\\product\\edit.php')
 3 SYSTEMPATH\View\View.php(229): CodeIgniter\View\View->CodeIgniter\View\{closure}()
 4 SYSTEMPATH\Common.php(1188): CodeIgniter\View\View->render('product/edit', [], true)
 5 APPPATH\Controllers\ProductController.php(44): view('product/edit', [...])
 6 SYSTEMPATH\CodeIgniter.php(919): App\Controllers\ProductController->edit('73')
 7 SYSTEMPATH\CodeIgniter.php(494): CodeIgniter\CodeIgniter->runController(Object(App\Controllers\ProductController))
 8 SYSTEMPATH\CodeIgniter.php(353): CodeIgniter\CodeIgniter->handleRequest(null, Object(Config\Cache), false)
 9 FCPATH\index.php(79): CodeIgniter\CodeIgniter->run()
10 SYSTEMPATH\Commands\Server\rewrite.php(47): require_once('C:\\laragon\\www\\3F3\\public\\index.php')
CRITICAL - 2023-09-18 14:19:00 --> Undefined array key "id"
in APPPATH\Views\product\edit.php on line 12.
 1 APPPATH\Views\product\edit.php(12): CodeIgniter\Debug\Exceptions->errorHandler(2, 'Undefined array key "id"', 'C:\\laragon\\www\\3F3\\app\\Views\\product\\edit.php', 12)
 2 SYSTEMPATH\View\View.php(226): include('C:\\laragon\\www\\3F3\\app\\Views\\product\\edit.php')
 3 SYSTEMPATH\View\View.php(229): CodeIgniter\View\View->CodeIgniter\View\{closure}()
 4 SYSTEMPATH\Common.php(1188): CodeIgniter\View\View->render('product/edit', [], true)
 5 APPPATH\Controllers\ProductController.php(44): view('product/edit', [...])
 6 SYSTEMPATH\CodeIgniter.php(919): App\Controllers\ProductController->edit('73')
 7 SYSTEMPATH\CodeIgniter.php(494): CodeIgniter\CodeIgniter->runController(Object(App\Controllers\ProductController))
 8 SYSTEMPATH\CodeIgniter.php(353): CodeIgniter\CodeIgniter->handleRequest(null, Object(Config\Cache), false)
 9 FCPATH\index.php(79): CodeIgniter\CodeIgniter->run()
10 SYSTEMPATH\Commands\Server\rewrite.php(47): require_once('C:\\laragon\\www\\3F3\\public\\index.php')
CRITICAL - 2023-09-18 14:19:04 --> Undefined array key "id"
in APPPATH\Views\product\edit.php on line 12.
 1 APPPATH\Views\product\edit.php(12): CodeIgniter\Debug\Exceptions->errorHandler(2, 'Undefined array key "id"', 'C:\\laragon\\www\\3F3\\app\\Views\\product\\edit.php', 12)
 2 SYSTEMPATH\View\View.php(226): include('C:\\laragon\\www\\3F3\\app\\Views\\product\\edit.php')
 3 SYSTEMPATH\View\View.php(229): CodeIgniter\View\View->CodeIgniter\View\{closure}()
 4 SYSTEMPATH\Common.php(1188): CodeIgniter\View\View->render('product/edit', [], true)
 5 APPPATH\Controllers\ProductController.php(44): view('product/edit', [...])
 6 SYSTEMPATH\CodeIgniter.php(919): App\Controllers\ProductController->edit('74')
 7 SYSTEMPATH\CodeIgniter.php(494): CodeIgniter\CodeIgniter->runController(Object(App\Controllers\ProductController))
 8 SYSTEMPATH\CodeIgniter.php(353): CodeIgniter\CodeIgniter->handleRequest(null, Object(Config\Cache), false)
 9 FCPATH\index.php(79): CodeIgniter\CodeIgniter->run()
10 SYSTEMPATH\Commands\Server\rewrite.php(47): require_once('C:\\laragon\\www\\3F3\\public\\index.php')
CRITICAL - 2023-09-18 14:23:01 --> Undefined array key "ID"
in APPPATH\Views\product\edit.php on line 12.
 1 APPPATH\Views\product\edit.php(12): CodeIgniter\Debug\Exceptions->errorHandler(2, 'Undefined array key "ID"', 'C:\\laragon\\www\\3F3\\app\\Views\\product\\edit.php', 12)
 2 SYSTEMPATH\View\View.php(226): include('C:\\laragon\\www\\3F3\\app\\Views\\product\\edit.php')
 3 SYSTEMPATH\View\View.php(229): CodeIgniter\View\View->CodeIgniter\View\{closure}()
 4 SYSTEMPATH\Common.php(1188): CodeIgniter\View\View->render('product/edit', [], true)
 5 APPPATH\Controllers\ProductController.php(44): view('product/edit', [...])
 6 SYSTEMPATH\CodeIgniter.php(919): App\Controllers\ProductController->edit('74')
 7 SYSTEMPATH\CodeIgniter.php(494): CodeIgniter\CodeIgniter->runController(Object(App\Controllers\ProductController))
 8 SYSTEMPATH\CodeIgniter.php(353): CodeIgniter\CodeIgniter->handleRequest(null, Object(Config\Cache), false)
 9 FCPATH\index.php(79): CodeIgniter\CodeIgniter->run()
10 SYSTEMPATH\Commands\Server\rewrite.php(47): require_once('C:\\laragon\\www\\3F3\\public\\index.php')
CRITICAL - 2023-09-18 14:23:02 --> Undefined array key "ID"
in APPPATH\Views\product\edit.php on line 12.
 1 APPPATH\Views\product\edit.php(12): CodeIgniter\Debug\Exceptions->errorHandler(2, 'Undefined array key "ID"', 'C:\\laragon\\www\\3F3\\app\\Views\\product\\edit.php', 12)
 2 SYSTEMPATH\View\View.php(226): include('C:\\laragon\\www\\3F3\\app\\Views\\product\\edit.php')
 3 SYSTEMPATH\View\View.php(229): CodeIgniter\View\View->CodeIgniter\View\{closure}()
 4 SYSTEMPATH\Common.php(1188): CodeIgniter\View\View->render('product/edit', [], true)
 5 APPPATH\Controllers\ProductController.php(44): view('product/edit', [...])
 6 SYSTEMPATH\CodeIgniter.php(919): App\Controllers\ProductController->edit('74')
 7 SYSTEMPATH\CodeIgniter.php(494): CodeIgniter\CodeIgniter->runController(Object(App\Controllers\ProductController))
 8 SYSTEMPATH\CodeIgniter.php(353): CodeIgniter\CodeIgniter->handleRequest(null, Object(Config\Cache), false)
 9 FCPATH\index.php(79): CodeIgniter\CodeIgniter->run()
10 SYSTEMPATH\Commands\Server\rewrite.php(47): require_once('C:\\laragon\\www\\3F3\\public\\index.php')
CRITICAL - 2023-09-18 14:23:03 --> Undefined array key "ID"
in APPPATH\Views\product\edit.php on line 12.
 1 APPPATH\Views\product\edit.php(12): CodeIgniter\Debug\Exceptions->errorHandler(2, 'Undefined array key "ID"', 'C:\\laragon\\www\\3F3\\app\\Views\\product\\edit.php', 12)
 2 SYSTEMPATH\View\View.php(226): include('C:\\laragon\\www\\3F3\\app\\Views\\product\\edit.php')
 3 SYSTEMPATH\View\View.php(229): CodeIgniter\View\View->CodeIgniter\View\{closure}()
 4 SYSTEMPATH\Common.php(1188): CodeIgniter\View\View->render('product/edit', [], true)
 5 APPPATH\Controllers\ProductController.php(44): view('product/edit', [...])
 6 SYSTEMPATH\CodeIgniter.php(919): App\Controllers\ProductController->edit('74')
 7 SYSTEMPATH\CodeIgniter.php(494): CodeIgniter\CodeIgniter->runController(Object(App\Controllers\ProductController))
 8 SYSTEMPATH\CodeIgniter.php(353): CodeIgniter\CodeIgniter->handleRequest(null, Object(Config\Cache), false)
 9 FCPATH\index.php(79): CodeIgniter\CodeIgniter->run()
10 SYSTEMPATH\Commands\Server\rewrite.php(47): require_once('C:\\laragon\\www\\3F3\\public\\index.php')
CRITICAL - 2023-09-18 14:23:04 --> Undefined array key "ID"
in APPPATH\Views\product\edit.php on line 12.
 1 APPPATH\Views\product\edit.php(12): CodeIgniter\Debug\Exceptions->errorHandler(2, 'Undefined array key "ID"', 'C:\\laragon\\www\\3F3\\app\\Views\\product\\edit.php', 12)
 2 SYSTEMPATH\View\View.php(226): include('C:\\laragon\\www\\3F3\\app\\Views\\product\\edit.php')
 3 SYSTEMPATH\View\View.php(229): CodeIgniter\View\View->CodeIgniter\View\{closure}()
 4 SYSTEMPATH\Common.php(1188): CodeIgniter\View\View->render('product/edit', [], true)
 5 APPPATH\Controllers\ProductController.php(44): view('product/edit', [...])
 6 SYSTEMPATH\CodeIgniter.php(919): App\Controllers\ProductController->edit('74')
 7 SYSTEMPATH\CodeIgniter.php(494): CodeIgniter\CodeIgniter->runController(Object(App\Controllers\ProductController))
 8 SYSTEMPATH\CodeIgniter.php(353): CodeIgniter\CodeIgniter->handleRequest(null, Object(Config\Cache), false)
 9 FCPATH\index.php(79): CodeIgniter\CodeIgniter->run()
10 SYSTEMPATH\Commands\Server\rewrite.php(47): require_once('C:\\laragon\\www\\3F3\\public\\index.php')
CRITICAL - 2023-09-18 14:23:16 --> Undefined array key "id"
in APPPATH\Views\product\edit.php on line 12.
 1 APPPATH\Views\product\edit.php(12): CodeIgniter\Debug\Exceptions->errorHandler(2, 'Undefined array key "id"', 'C:\\laragon\\www\\3F3\\app\\Views\\product\\edit.php', 12)
 2 SYSTEMPATH\View\View.php(226): include('C:\\laragon\\www\\3F3\\app\\Views\\product\\edit.php')
 3 SYSTEMPATH\View\View.php(229): CodeIgniter\View\View->CodeIgniter\View\{closure}()
 4 SYSTEMPATH\Common.php(1188): CodeIgniter\View\View->render('product/edit', [], true)
 5 APPPATH\Controllers\ProductController.php(44): view('product/edit', [...])
 6 SYSTEMPATH\CodeIgniter.php(919): App\Controllers\ProductController->edit('74')
 7 SYSTEMPATH\CodeIgniter.php(494): CodeIgniter\CodeIgniter->runController(Object(App\Controllers\ProductController))
 8 SYSTEMPATH\CodeIgniter.php(353): CodeIgniter\CodeIgniter->handleRequest(null, Object(Config\Cache), false)
 9 FCPATH\index.php(79): CodeIgniter\CodeIgniter->run()
10 SYSTEMPATH\Commands\Server\rewrite.php(47): require_once('C:\\laragon\\www\\3F3\\public\\index.php')
CRITICAL - 2023-09-18 14:23:17 --> Undefined array key "id"
in APPPATH\Views\product\edit.php on line 12.
 1 APPPATH\Views\product\edit.php(12): CodeIgniter\Debug\Exceptions->errorHandler(2, 'Undefined array key "id"', 'C:\\laragon\\www\\3F3\\app\\Views\\product\\edit.php', 12)
 2 SYSTEMPATH\View\View.php(226): include('C:\\laragon\\www\\3F3\\app\\Views\\product\\edit.php')
 3 SYSTEMPATH\View\View.php(229): CodeIgniter\View\View->CodeIgniter\View\{closure}()
 4 SYSTEMPATH\Common.php(1188): CodeIgniter\View\View->render('product/edit', [], true)
 5 APPPATH\Controllers\ProductController.php(44): view('product/edit', [...])
 6 SYSTEMPATH\CodeIgniter.php(919): App\Controllers\ProductController->edit('74')
 7 SYSTEMPATH\CodeIgniter.php(494): CodeIgniter\CodeIgniter->runController(Object(App\Controllers\ProductController))
 8 SYSTEMPATH\CodeIgniter.php(353): CodeIgniter\CodeIgniter->handleRequest(null, Object(Config\Cache), false)
 9 FCPATH\index.php(79): CodeIgniter\CodeIgniter->run()
10 SYSTEMPATH\Commands\Server\rewrite.php(47): require_once('C:\\laragon\\www\\3F3\\public\\index.php')
CRITICAL - 2023-09-18 14:23:18 --> Undefined array key "id"
in APPPATH\Views\product\edit.php on line 12.
 1 APPPATH\Views\product\edit.php(12): CodeIgniter\Debug\Exceptions->errorHandler(2, 'Undefined array key "id"', 'C:\\laragon\\www\\3F3\\app\\Views\\product\\edit.php', 12)
 2 SYSTEMPATH\View\View.php(226): include('C:\\laragon\\www\\3F3\\app\\Views\\product\\edit.php')
 3 SYSTEMPATH\View\View.php(229): CodeIgniter\View\View->CodeIgniter\View\{closure}()
 4 SYSTEMPATH\Common.php(1188): CodeIgniter\View\View->render('product/edit', [], true)
 5 APPPATH\Controllers\ProductController.php(44): view('product/edit', [...])
 6 SYSTEMPATH\CodeIgniter.php(919): App\Controllers\ProductController->edit('74')
 7 SYSTEMPATH\CodeIgniter.php(494): CodeIgniter\CodeIgniter->runController(Object(App\Controllers\ProductController))
 8 SYSTEMPATH\CodeIgniter.php(353): CodeIgniter\CodeIgniter->handleRequest(null, Object(Config\Cache), false)
 9 FCPATH\index.php(79): CodeIgniter\CodeIgniter->run()
10 SYSTEMPATH\Commands\Server\rewrite.php(47): require_once('C:\\laragon\\www\\3F3\\public\\index.php')
CRITICAL - 2023-09-18 14:23:18 --> Undefined array key "id"
in APPPATH\Views\product\edit.php on line 12.
 1 APPPATH\Views\product\edit.php(12): CodeIgniter\Debug\Exceptions->errorHandler(2, 'Undefined array key "id"', 'C:\\laragon\\www\\3F3\\app\\Views\\product\\edit.php', 12)
 2 SYSTEMPATH\View\View.php(226): include('C:\\laragon\\www\\3F3\\app\\Views\\product\\edit.php')
 3 SYSTEMPATH\View\View.php(229): CodeIgniter\View\View->CodeIgniter\View\{closure}()
 4 SYSTEMPATH\Common.php(1188): CodeIgniter\View\View->render('product/edit', [], true)
 5 APPPATH\Controllers\ProductController.php(44): view('product/edit', [...])
 6 SYSTEMPATH\CodeIgniter.php(919): App\Controllers\ProductController->edit('74')
 7 SYSTEMPATH\CodeIgniter.php(494): CodeIgniter\CodeIgniter->runController(Object(App\Controllers\ProductController))
 8 SYSTEMPATH\CodeIgniter.php(353): CodeIgniter\CodeIgniter->handleRequest(null, Object(Config\Cache), false)
 9 FCPATH\index.php(79): CodeIgniter\CodeIgniter->run()
10 SYSTEMPATH\Commands\Server\rewrite.php(47): require_once('C:\\laragon\\www\\3F3\\public\\index.php')
CRITICAL - 2023-09-18 14:28:34 --> Undefined array key "id"
in APPPATH\Views\product\edit.php on line 38.
 1 APPPATH\Views\product\edit.php(38): CodeIgniter\Debug\Exceptions->errorHandler(2, 'Undefined array key "id"', 'C:\\laragon\\www\\3F3\\app\\Views\\product\\edit.php', 38)
 2 SYSTEMPATH\View\View.php(226): include('C:\\laragon\\www\\3F3\\app\\Views\\product\\edit.php')
 3 SYSTEMPATH\View\View.php(229): CodeIgniter\View\View->CodeIgniter\View\{closure}()
 4 SYSTEMPATH\Common.php(1188): CodeIgniter\View\View->render('product/edit', [], true)
 5 APPPATH\Controllers\ProductController.php(44): view('product/edit', [...])
 6 SYSTEMPATH\CodeIgniter.php(919): App\Controllers\ProductController->edit('74')
 7 SYSTEMPATH\CodeIgniter.php(494): CodeIgniter\CodeIgniter->runController(Object(App\Controllers\ProductController))
 8 SYSTEMPATH\CodeIgniter.php(353): CodeIgniter\CodeIgniter->handleRequest(null, Object(Config\Cache), false)
 9 FCPATH\index.php(79): CodeIgniter\CodeIgniter->run()
10 SYSTEMPATH\Commands\Server\rewrite.php(47): require_once('C:\\laragon\\www\\3F3\\public\\index.php')
CRITICAL - 2023-09-18 14:28:46 --> Undefined array key "id"
in APPPATH\Views\product\edit.php on line 38.
 1 APPPATH\Views\product\edit.php(38): CodeIgniter\Debug\Exceptions->errorHandler(2, 'Undefined array key "id"', 'C:\\laragon\\www\\3F3\\app\\Views\\product\\edit.php', 38)
 2 SYSTEMPATH\View\View.php(226): include('C:\\laragon\\www\\3F3\\app\\Views\\product\\edit.php')
 3 SYSTEMPATH\View\View.php(229): CodeIgniter\View\View->CodeIgniter\View\{closure}()
 4 SYSTEMPATH\Common.php(1188): CodeIgniter\View\View->render('product/edit', [], true)
 5 APPPATH\Controllers\ProductController.php(44): view('product/edit', [...])
 6 SYSTEMPATH\CodeIgniter.php(919): App\Controllers\ProductController->edit('73')
 7 SYSTEMPATH\CodeIgniter.php(494): CodeIgniter\CodeIgniter->runController(Object(App\Controllers\ProductController))
 8 SYSTEMPATH\CodeIgniter.php(353): CodeIgniter\CodeIgniter->handleRequest(null, Object(Config\Cache), false)
 9 FCPATH\index.php(79): CodeIgniter\CodeIgniter->run()
10 SYSTEMPATH\Commands\Server\rewrite.php(47): require_once('C:\\laragon\\www\\3F3\\public\\index.php')
CRITICAL - 2023-09-18 14:28:58 --> Undefined array key "id"
in APPPATH\Views\product\edit.php on line 38.
 1 APPPATH\Views\product\edit.php(38): CodeIgniter\Debug\Exceptions->errorHandler(2, 'Undefined array key "id"', 'C:\\laragon\\www\\3F3\\app\\Views\\product\\edit.php', 38)
 2 SYSTEMPATH\View\View.php(226): include('C:\\laragon\\www\\3F3\\app\\Views\\product\\edit.php')
 3 SYSTEMPATH\View\View.php(229): CodeIgniter\View\View->CodeIgniter\View\{closure}()
 4 SYSTEMPATH\Common.php(1188): CodeIgniter\View\View->render('product/edit', [], true)
 5 APPPATH\Controllers\ProductController.php(44): view('product/edit', [...])
 6 SYSTEMPATH\CodeIgniter.php(919): App\Controllers\ProductController->edit('73')
 7 SYSTEMPATH\CodeIgniter.php(494): CodeIgniter\CodeIgniter->runController(Object(App\Controllers\ProductController))
 8 SYSTEMPATH\CodeIgniter.php(353): CodeIgniter\CodeIgniter->handleRequest(null, Object(Config\Cache), false)
 9 FCPATH\index.php(79): CodeIgniter\CodeIgniter->run()
10 SYSTEMPATH\Commands\Server\rewrite.php(47): require_once('C:\\laragon\\www\\3F3\\public\\index.php')
CRITICAL - 2023-09-18 14:29:11 --> Undefined variable $products
in APPPATH\Views\product\edit.php on line 38.
 1 APPPATH\Views\product\edit.php(38): CodeIgniter\Debug\Exceptions->errorHandler(2, 'Undefined variable $products', 'C:\\laragon\\www\\3F3\\app\\Views\\product\\edit.php', 38)
 2 SYSTEMPATH\View\View.php(226): include('C:\\laragon\\www\\3F3\\app\\Views\\product\\edit.php')
 3 SYSTEMPATH\View\View.php(229): CodeIgniter\View\View->CodeIgniter\View\{closure}()
 4 SYSTEMPATH\Common.php(1188): CodeIgniter\View\View->render('product/edit', [], true)
 5 APPPATH\Controllers\ProductController.php(44): view('product/edit', [...])
 6 SYSTEMPATH\CodeIgniter.php(919): App\Controllers\ProductController->edit('73')
 7 SYSTEMPATH\CodeIgniter.php(494): CodeIgniter\CodeIgniter->runController(Object(App\Controllers\ProductController))
 8 SYSTEMPATH\CodeIgniter.php(353): CodeIgniter\CodeIgniter->handleRequest(null, Object(Config\Cache), false)
 9 FCPATH\index.php(79): CodeIgniter\CodeIgniter->run()
10 SYSTEMPATH\Commands\Server\rewrite.php(47): require_once('C:\\laragon\\www\\3F3\\public\\index.php')
CRITICAL - 2023-09-18 14:52:06 --> Undefined array key "id"
in APPPATH\Views\product\edit.php on line 13.
 1 APPPATH\Views\product\edit.php(13): CodeIgniter\Debug\Exceptions->errorHandler(2, 'Undefined array key "id"', 'C:\\laragon\\www\\3F3\\app\\Views\\product\\edit.php', 13)
 2 SYSTEMPATH\View\View.php(226): include('C:\\laragon\\www\\3F3\\app\\Views\\product\\edit.php')
 3 SYSTEMPATH\View\View.php(229): CodeIgniter\View\View->CodeIgniter\View\{closure}()
 4 SYSTEMPATH\Common.php(1188): CodeIgniter\View\View->render('product/edit', [], true)
 5 APPPATH\Controllers\ProductController.php(44): view('product/edit', [...])
 6 SYSTEMPATH\CodeIgniter.php(919): App\Controllers\ProductController->edit('73')
 7 SYSTEMPATH\CodeIgniter.php(494): CodeIgniter\CodeIgniter->runController(Object(App\Controllers\ProductController))
 8 SYSTEMPATH\CodeIgniter.php(353): CodeIgniter\CodeIgniter->handleRequest(null, Object(Config\Cache), false)
 9 FCPATH\index.php(79): CodeIgniter\CodeIgniter->run()
10 SYSTEMPATH\Commands\Server\rewrite.php(47): require_once('C:\\laragon\\www\\3F3\\public\\index.php')
CRITICAL - 2023-09-18 14:57:09 --> Undefined array key "id"
in APPPATH\Views\product\edit.php on line 13.
 1 APPPATH\Views\product\edit.php(13): CodeIgniter\Debug\Exceptions->errorHandler(2, 'Undefined array key "id"', 'C:\\laragon\\www\\3F3\\app\\Views\\product\\edit.php', 13)
 2 SYSTEMPATH\View\View.php(226): include('C:\\laragon\\www\\3F3\\app\\Views\\product\\edit.php')
 3 SYSTEMPATH\View\View.php(229): CodeIgniter\View\View->CodeIgniter\View\{closure}()
 4 SYSTEMPATH\Common.php(1188): CodeIgniter\View\View->render('product/edit', [], true)
 5 APPPATH\Controllers\ProductController.php(44): view('product/edit', [...])
 6 SYSTEMPATH\CodeIgniter.php(919): App\Controllers\ProductController->edit('73')
 7 SYSTEMPATH\CodeIgniter.php(494): CodeIgniter\CodeIgniter->runController(Object(App\Controllers\ProductController))
 8 SYSTEMPATH\CodeIgniter.php(353): CodeIgniter\CodeIgniter->handleRequest(null, Object(Config\Cache), false)
 9 FCPATH\index.php(79): CodeIgniter\CodeIgniter->run()
10 SYSTEMPATH\Commands\Server\rewrite.php(47): require_once('C:\\laragon\\www\\3F3\\public\\index.php')
CRITICAL - 2023-09-18 14:57:10 --> Undefined array key "id"
in APPPATH\Views\product\edit.php on line 13.
 1 APPPATH\Views\product\edit.php(13): CodeIgniter\Debug\Exceptions->errorHandler(2, 'Undefined array key "id"', 'C:\\laragon\\www\\3F3\\app\\Views\\product\\edit.php', 13)
 2 SYSTEMPATH\View\View.php(226): include('C:\\laragon\\www\\3F3\\app\\Views\\product\\edit.php')
 3 SYSTEMPATH\View\View.php(229): CodeIgniter\View\View->CodeIgniter\View\{closure}()
 4 SYSTEMPATH\Common.php(1188): CodeIgniter\View\View->render('product/edit', [], true)
 5 APPPATH\Controllers\ProductController.php(44): view('product/edit', [...])
 6 SYSTEMPATH\CodeIgniter.php(919): App\Controllers\ProductController->edit('73')
 7 SYSTEMPATH\CodeIgniter.php(494): CodeIgniter\CodeIgniter->runController(Object(App\Controllers\ProductController))
 8 SYSTEMPATH\CodeIgniter.php(353): CodeIgniter\CodeIgniter->handleRequest(null, Object(Config\Cache), false)
 9 FCPATH\index.php(79): CodeIgniter\CodeIgniter->run()
10 SYSTEMPATH\Commands\Server\rewrite.php(47): require_once('C:\\laragon\\www\\3F3\\public\\index.php')
CRITICAL - 2023-09-18 14:59:13 --> Invalid file: "products/edit.php"
in SYSTEMPATH\Exceptions\FrameworkException.php on line 39.
 1 SYSTEMPATH\View\View.php(214): CodeIgniter\Exceptions\FrameworkException::forInvalidFile('products/edit.php')
 2 SYSTEMPATH\Common.php(1188): CodeIgniter\View\View->render('products/edit', [], true)
 3 APPPATH\Controllers\ProductController.php(44): view('products/edit', [...])
 4 SYSTEMPATH\CodeIgniter.php(919): App\Controllers\ProductController->edit('73')
 5 SYSTEMPATH\CodeIgniter.php(494): CodeIgniter\CodeIgniter->runController(Object(App\Controllers\ProductController))
 6 SYSTEMPATH\CodeIgniter.php(353): CodeIgniter\CodeIgniter->handleRequest(null, Object(Config\Cache), false)
 7 FCPATH\index.php(79): CodeIgniter\CodeIgniter->run()
 8 SYSTEMPATH\Commands\Server\rewrite.php(47): require_once('C:\\laragon\\www\\3F3\\public\\index.php')
CRITICAL - 2023-09-18 14:59:29 --> Undefined array key "id"
in APPPATH\Views\product\edit.php on line 13.
 1 APPPATH\Views\product\edit.php(13): CodeIgniter\Debug\Exceptions->errorHandler(2, 'Undefined array key "id"', 'C:\\laragon\\www\\3F3\\app\\Views\\product\\edit.php', 13)
 2 SYSTEMPATH\View\View.php(226): include('C:\\laragon\\www\\3F3\\app\\Views\\product\\edit.php')
 3 SYSTEMPATH\View\View.php(229): CodeIgniter\View\View->CodeIgniter\View\{closure}()
 4 SYSTEMPATH\Common.php(1188): CodeIgniter\View\View->render('product/edit', [], true)
 5 APPPATH\Controllers\ProductController.php(44): view('product/edit', [...])
 6 SYSTEMPATH\CodeIgniter.php(919): App\Controllers\ProductController->edit('73')
 7 SYSTEMPATH\CodeIgniter.php(494): CodeIgniter\CodeIgniter->runController(Object(App\Controllers\ProductController))
 8 SYSTEMPATH\CodeIgniter.php(353): CodeIgniter\CodeIgniter->handleRequest(null, Object(Config\Cache), false)
 9 FCPATH\index.php(79): CodeIgniter\CodeIgniter->run()
10 SYSTEMPATH\Commands\Server\rewrite.php(47): require_once('C:\\laragon\\www\\3F3\\public\\index.php')
CRITICAL - 2023-09-18 15:04:46 --> Invalid file: "products/edit.php"
in SYSTEMPATH\Exceptions\FrameworkException.php on line 39.
 1 SYSTEMPATH\View\View.php(214): CodeIgniter\Exceptions\FrameworkException::forInvalidFile('products/edit.php')
 2 SYSTEMPATH\Common.php(1188): CodeIgniter\View\View->render('products/edit', [], true)
 3 APPPATH\Controllers\ProductController.php(41): view('products/edit', [...])
 4 SYSTEMPATH\CodeIgniter.php(919): App\Controllers\ProductController->edit('73')
 5 SYSTEMPATH\CodeIgniter.php(494): CodeIgniter\CodeIgniter->runController(Object(App\Controllers\ProductController))
 6 SYSTEMPATH\CodeIgniter.php(353): CodeIgniter\CodeIgniter->handleRequest(null, Object(Config\Cache), false)
 7 FCPATH\index.php(79): CodeIgniter\CodeIgniter->run()
 8 SYSTEMPATH\Commands\Server\rewrite.php(47): require_once('C:\\laragon\\www\\3F3\\public\\index.php')
CRITICAL - 2023-09-18 15:06:15 --> Invalid file: "products/edit.php"
in SYSTEMPATH\Exceptions\FrameworkException.php on line 39.
 1 SYSTEMPATH\View\View.php(214): CodeIgniter\Exceptions\FrameworkException::forInvalidFile('products/edit.php')
 2 SYSTEMPATH\Common.php(1188): CodeIgniter\View\View->render('products/edit', [], true)
 3 APPPATH\Controllers\ProductController.php(41): view('products/edit', [...])
 4 SYSTEMPATH\CodeIgniter.php(919): App\Controllers\ProductController->edit('73')
 5 SYSTEMPATH\CodeIgniter.php(494): CodeIgniter\CodeIgniter->runController(Object(App\Controllers\ProductController))
 6 SYSTEMPATH\CodeIgniter.php(353): CodeIgniter\CodeIgniter->handleRequest(null, Object(Config\Cache), false)
 7 FCPATH\index.php(79): CodeIgniter\CodeIgniter->run()
 8 SYSTEMPATH\Commands\Server\rewrite.php(47): require_once('C:\\laragon\\www\\3F3\\public\\index.php')
CRITICAL - 2023-09-18 15:09:49 --> Invalid file: "products/edit.php"
in SYSTEMPATH\Exceptions\FrameworkException.php on line 39.
 1 SYSTEMPATH\View\View.php(214): CodeIgniter\Exceptions\FrameworkException::forInvalidFile('products/edit.php')
 2 SYSTEMPATH\Common.php(1188): CodeIgniter\View\View->render('products/edit', [], true)
 3 APPPATH\Controllers\ProductController.php(41): view('products/edit', [...])
 4 SYSTEMPATH\CodeIgniter.php(919): App\Controllers\ProductController->edit('73')
 5 SYSTEMPATH\CodeIgniter.php(494): CodeIgniter\CodeIgniter->runController(Object(App\Controllers\ProductController))
 6 SYSTEMPATH\CodeIgniter.php(353): CodeIgniter\CodeIgniter->handleRequest(null, Object(Config\Cache), false)
 7 FCPATH\index.php(79): CodeIgniter\CodeIgniter->run()
 8 SYSTEMPATH\Commands\Server\rewrite.php(47): require_once('C:\\laragon\\www\\3F3\\public\\index.php')
CRITICAL - 2023-09-18 15:09:50 --> Invalid file: "products/edit.php"
in SYSTEMPATH\Exceptions\FrameworkException.php on line 39.
 1 SYSTEMPATH\View\View.php(214): CodeIgniter\Exceptions\FrameworkException::forInvalidFile('products/edit.php')
 2 SYSTEMPATH\Common.php(1188): CodeIgniter\View\View->render('products/edit', [], true)
 3 APPPATH\Controllers\ProductController.php(41): view('products/edit', [...])
 4 SYSTEMPATH\CodeIgniter.php(919): App\Controllers\ProductController->edit('73')
 5 SYSTEMPATH\CodeIgniter.php(494): CodeIgniter\CodeIgniter->runController(Object(App\Controllers\ProductController))
 6 SYSTEMPATH\CodeIgniter.php(353): CodeIgniter\CodeIgniter->handleRequest(null, Object(Config\Cache), false)
 7 FCPATH\index.php(79): CodeIgniter\CodeIgniter->run()
 8 SYSTEMPATH\Commands\Server\rewrite.php(47): require_once('C:\\laragon\\www\\3F3\\public\\index.php')
CRITICAL - 2023-09-18 15:13:37 --> Invalid file: "products/index.php"
in SYSTEMPATH\Exceptions\FrameworkException.php on line 39.
 1 SYSTEMPATH\View\View.php(214): CodeIgniter\Exceptions\FrameworkException::forInvalidFile('products/index.php')
 2 SYSTEMPATH\Common.php(1188): CodeIgniter\View\View->render('products/index', [], true)
 3 APPPATH\Controllers\ProductController.php(13): view('products/index', [...])
 4 SYSTEMPATH\CodeIgniter.php(919): App\Controllers\ProductController->index()
 5 SYSTEMPATH\CodeIgniter.php(494): CodeIgniter\CodeIgniter->runController(Object(App\Controllers\ProductController))
 6 SYSTEMPATH\CodeIgniter.php(353): CodeIgniter\CodeIgniter->handleRequest(null, Object(Config\Cache), false)
 7 FCPATH\index.php(79): CodeIgniter\CodeIgniter->run()
 8 SYSTEMPATH\Commands\Server\rewrite.php(47): require_once('C:\\laragon\\www\\3F3\\public\\index.php')
CRITICAL - 2023-09-18 15:14:53 --> Undefined array key "ID"
in APPPATH\Views\products\index.php on line 17.
 1 APPPATH\Views\products\index.php(17): CodeIgniter\Debug\Exceptions->errorHandler(2, 'Undefined array key "ID"', 'C:\\laragon\\www\\3F3\\app\\Views\\products\\index.php', 17)
 2 SYSTEMPATH\View\View.php(226): include('C:\\laragon\\www\\3F3\\app\\Views\\products\\index.php')
 3 SYSTEMPATH\View\View.php(229): CodeIgniter\View\View->CodeIgniter\View\{closure}()
 4 SYSTEMPATH\Common.php(1188): CodeIgniter\View\View->render('products/index', [], true)
 5 APPPATH\Controllers\ProductController.php(13): view('products/index', [...])
 6 SYSTEMPATH\CodeIgniter.php(919): App\Controllers\ProductController->index()
 7 SYSTEMPATH\CodeIgniter.php(494): CodeIgniter\CodeIgniter->runController(Object(App\Controllers\ProductController))
 8 SYSTEMPATH\CodeIgniter.php(353): CodeIgniter\CodeIgniter->handleRequest(null, Object(Config\Cache), false)
 9 FCPATH\index.php(79): CodeIgniter\CodeIgniter->run()
10 SYSTEMPATH\Commands\Server\rewrite.php(47): require_once('C:\\laragon\\www\\3F3\\public\\index.php')
CRITICAL - 2023-09-18 15:22:46 --> Trying to access array offset on value of type null
in APPPATH\Views\products\edit.php on line 20.
 1 APPPATH\Views\products\edit.php(20): CodeIgniter\Debug\Exceptions->errorHandler(2, 'Trying to access array offset on value of type null', 'C:\\laragon\\www\\3F3\\app\\Views\\products\\edit.php', 20)
 2 SYSTEMPATH\View\View.php(226): include('C:\\laragon\\www\\3F3\\app\\Views\\products\\edit.php')
 3 SYSTEMPATH\View\View.php(229): CodeIgniter\View\View->CodeIgniter\View\{closure}()
 4 SYSTEMPATH\Common.php(1188): CodeIgniter\View\View->render('products/edit', [], true)
 5 APPPATH\Controllers\ProductController.php(41): view('products/edit', [...])
 6 SYSTEMPATH\CodeIgniter.php(919): App\Controllers\ProductController->edit('73')
 7 SYSTEMPATH\CodeIgniter.php(494): CodeIgniter\CodeIgniter->runController(Object(App\Controllers\ProductController))
 8 SYSTEMPATH\CodeIgniter.php(353): CodeIgniter\CodeIgniter->handleRequest(null, Object(Config\Cache), false)
 9 FCPATH\index.php(79): CodeIgniter\CodeIgniter->run()
10 SYSTEMPATH\Commands\Server\rewrite.php(47): require_once('C:\\laragon\\www\\3F3\\public\\index.php')
